<?xml version="1.0" encoding="UTF-8"?>
<coverage generated="1681986672239" clover="3.2.0">
  <project timestamp="1681986672239" name="All files">
    <metrics statements="29" coveredstatements="28" conditionals="9" coveredconditionals="6" methods="5" coveredmethods="5" elements="43" coveredelements="39" complexity="0" loc="29" ncloc="29" packages="1" files="1" classes="1"/>
    <file name="statement.js" path="/Users/ygoto/rindoku/refactoring/chapter1/work1/statement.js">
      <metrics statements="29" coveredstatements="28" conditionals="9" coveredconditionals="6" methods="5" coveredmethods="5"/>
      <line num="4" count="1" type="stmt"/>
      <line num="5" count="1" type="stmt"/>
      <line num="6" count="1" type="stmt"/>
      <line num="9" count="4" type="stmt"/>
      <line num="17" count="1" type="stmt"/>
      <line num="19" count="3" type="stmt"/>
      <line num="22" count="3" type="stmt"/>
      <line num="23" count="3" type="stmt"/>
      <line num="25" count="1" type="stmt"/>
      <line num="26" count="1" type="stmt"/>
      <line num="27" count="1" type="stmt"/>
      <line num="30" count="6" type="stmt"/>
      <line num="31" count="6" type="cond" truecount="2" falsecount="1"/>
      <line num="33" count="4" type="stmt"/>
      <line num="34" count="4" type="cond" truecount="1" falsecount="1"/>
      <line num="35" count="4" type="stmt"/>
      <line num="37" count="4" type="stmt"/>
      <line num="39" count="2" type="stmt"/>
      <line num="40" count="2" type="cond" truecount="1" falsecount="1"/>
      <line num="41" count="2" type="stmt"/>
      <line num="43" count="2" type="stmt"/>
      <line num="44" count="2" type="stmt"/>
      <line num="46" count="0" type="stmt"/>
      <line num="48" count="6" type="stmt"/>
      <line num="52" count="12" type="stmt"/>
      <line num="56" count="3" type="stmt"/>
      <line num="57" count="3" type="stmt"/>
      <line num="59" count="3" type="cond" truecount="2" falsecount="0"/>
      <line num="61" count="3" type="stmt"/>
    </file>
  </project>
</coverage>
