{"/Users/ygoto/rindoku/refactoring/chapter1/work1/statement.js": {"path":"/Users/ygoto/rindoku/refactoring/chapter1/work1/statement.js","statementMap":{"0":{"start":{"line":4,"column":22},"end":{"line":4,"column":23}},"1":{"start":{"line":5,"column":24},"end":{"line":5,"column":25}},"2":{"start":{"line":6,"column":17},"end":{"line":6,"column":54}},"3":{"start":{"line":9,"column":8},"end":{"line":13,"column":31}},"4":{"start":{"line":17,"column":4},"end":{"line":24,"column":5}},"5":{"start":{"line":19,"column":8},"end":{"line":19,"column":48}},"6":{"start":{"line":22,"column":10},"end":{"line":22,"column":105}},"7":{"start":{"line":23,"column":10},"end":{"line":23,"column":41}},"8":{"start":{"line":25,"column":4},"end":{"line":25,"column":60}},"9":{"start":{"line":26,"column":4},"end":{"line":26,"column":54}},"10":{"start":{"line":27,"column":4},"end":{"line":27,"column":18}},"11":{"start":{"line":30,"column":21},"end":{"line":30,"column":22}},"12":{"start":{"line":31,"column":8},"end":{"line":47,"column":9}},"13":{"start":{"line":33,"column":16},"end":{"line":33,"column":31}},"14":{"start":{"line":34,"column":16},"end":{"line":36,"column":17}},"15":{"start":{"line":35,"column":20},"end":{"line":35,"column":58}},"16":{"start":{"line":37,"column":16},"end":{"line":37,"column":22}},"17":{"start":{"line":39,"column":16},"end":{"line":39,"column":31}},"18":{"start":{"line":40,"column":16},"end":{"line":42,"column":17}},"19":{"start":{"line":41,"column":20},"end":{"line":41,"column":65}},"20":{"start":{"line":43,"column":16},"end":{"line":43,"column":46}},"21":{"start":{"line":44,"column":16},"end":{"line":44,"column":22}},"22":{"start":{"line":46,"column":16},"end":{"line":46,"column":71}},"23":{"start":{"line":48,"column":8},"end":{"line":48,"column":22}},"24":{"start":{"line":52,"column":8},"end":{"line":52,"column":37}},"25":{"start":{"line":56,"column":21},"end":{"line":56,"column":22}},"26":{"start":{"line":57,"column":8},"end":{"line":57,"column":50}},"27":{"start":{"line":59,"column":8},"end":{"line":59,"column":85}},"28":{"start":{"line":59,"column":45},"end":{"line":59,"column":85}},"29":{"start":{"line":61,"column":8},"end":{"line":61,"column":22}}},"fnMap":{"0":{"name":"statement","decl":{"start":{"line":3,"column":9},"end":{"line":3,"column":18}},"loc":{"start":{"line":3,"column":36},"end":{"line":63,"column":3}},"line":3},"1":{"name":"format","decl":{"start":{"line":8,"column":13},"end":{"line":8,"column":19}},"loc":{"start":{"line":8,"column":29},"end":{"line":14,"column":5}},"line":8},"2":{"name":"amountFor","decl":{"start":{"line":29,"column":13},"end":{"line":29,"column":22}},"loc":{"start":{"line":29,"column":29},"end":{"line":49,"column":5}},"line":29},"3":{"name":"playFor","decl":{"start":{"line":51,"column":13},"end":{"line":51,"column":20}},"loc":{"start":{"line":51,"column":27},"end":{"line":53,"column":5}},"line":51},"4":{"name":"volumeCreditsFor","decl":{"start":{"line":55,"column":13},"end":{"line":55,"column":29}},"loc":{"start":{"line":55,"column":36},"end":{"line":62,"column":5}},"line":55}},"branchMap":{"0":{"loc":{"start":{"line":31,"column":8},"end":{"line":47,"column":9}},"type":"switch","locations":[{"start":{"line":32,"column":12},"end":{"line":37,"column":22}},{"start":{"line":38,"column":12},"end":{"line":44,"column":22}},{"start":{"line":45,"column":12},"end":{"line":46,"column":71}}],"line":31},"1":{"loc":{"start":{"line":34,"column":16},"end":{"line":36,"column":17}},"type":"if","locations":[{"start":{"line":34,"column":16},"end":{"line":36,"column":17}},{"start":{},"end":{}}],"line":34},"2":{"loc":{"start":{"line":40,"column":16},"end":{"line":42,"column":17}},"type":"if","locations":[{"start":{"line":40,"column":16},"end":{"line":42,"column":17}},{"start":{},"end":{}}],"line":40},"3":{"loc":{"start":{"line":59,"column":8},"end":{"line":59,"column":85}},"type":"if","locations":[{"start":{"line":59,"column":8},"end":{"line":59,"column":85}},{"start":{},"end":{}}],"line":59}},"s":{"0":1,"1":1,"2":1,"3":4,"4":1,"5":3,"6":3,"7":3,"8":1,"9":1,"10":1,"11":6,"12":6,"13":4,"14":4,"15":4,"16":4,"17":2,"18":2,"19":2,"20":2,"21":2,"22":0,"23":6,"24":12,"25":3,"26":3,"27":3,"28":1,"29":3},"f":{"0":1,"1":4,"2":6,"3":12,"4":3},"b":{"0":[4,2,0],"1":[4,0],"2":[2,0],"3":[1,2]},"_coverageSchema":"1a1c01bbd47fc00a2c39e90264f33305004495a9","hash":"41dd566d8b17be2bd0334b8349251c915f1677e9"}
}
