TN:
SF:chapter1/work1/statement.js
FN:3,statement
FN:8,format
FN:29,amountFor
FN:51,playFor
FN:55,volumeCreditsFor
FNF:5
FNH:5
FNDA:1,statement
FNDA:4,format
FNDA:6,amountFor
FNDA:12,playFor
FNDA:3,volumeCreditsFor
DA:4,1
DA:5,1
DA:6,1
DA:9,4
DA:17,1
DA:19,3
DA:22,3
DA:23,3
DA:25,1
DA:26,1
DA:27,1
DA:30,6
DA:31,6
DA:33,4
DA:34,4
DA:35,4
DA:37,4
DA:39,2
DA:40,2
DA:41,2
DA:43,2
DA:44,2
DA:46,0
DA:48,6
DA:52,12
DA:56,3
DA:57,3
DA:59,3
DA:61,3
LF:29
LH:28
BRDA:31,0,0,4
BRDA:31,0,1,2
BRDA:31,0,2,0
BRDA:34,1,0,4
BRDA:34,1,1,0
BRDA:40,2,0,2
BRDA:40,2,1,0
BRDA:59,3,0,1
BRDA:59,3,1,2
BRF:9
BRH:6
end_of_record
